<?xml version="1.0" encoding="UTF-8"?>
<testsuite xmlns:xsi="http://www.w3.org/2001/XMLSchema-instance" xsi:noNamespaceSchemaLocation="https://maven.apache.org/surefire/maven-surefire-plugin/xsd/surefire-test-report-3.0.xsd" version="3.0" name="io.trino.conversionfunctions.TestConversion" time="9.436" tests="1" errors="0" skipped="0" failures="0">
  <properties>
    <property name="java.specification.version" value="17"/>
    <property name="sun.cpu.isalist" value="amd64"/>
    <property name="sun.jnu.encoding" value="UTF-8"/>
    <property name="user.region" value="US"/>
    <property name="java.class.path" value="C:\Users\GregOh\OneDrive - Kubrick Group\Desktop\VZ\coordinate-conversion\target\test-classes;C:\Users\GregOh\OneDrive - Kubrick Group\Desktop\VZ\coordinate-conversion\target\classes;C:\Users\GregOh\.m2\repository\com\google\guava\guava\33.2.1-jre\guava-33.2.1-jre.jar;C:\Users\GregOh\.m2\repository\com\google\guava\failureaccess\1.0.2\failureaccess-1.0.2.jar;C:\Users\GregOh\.m2\repository\com\google\code\findbugs\jsr305\3.0.2\jsr305-3.0.2.jar;C:\Users\GregOh\.m2\repository\org\checkerframework\checker-qual\3.41.0\checker-qual-3.41.0.jar;C:\Users\GregOh\.m2\repository\com\google\errorprone\error_prone_annotations\2.23.0\error_prone_annotations-2.23.0.jar;C:\Users\GregOh\.m2\repository\com\google\j2objc\j2objc-annotations\3.0.0\j2objc-annotations-3.0.0.jar;C:\Users\GregOh\.m2\repository\mil\nga\grid\1.1.2\grid-1.1.2.jar;C:\Users\GregOh\.m2\repository\mil\nga\sf\2.2.2\sf-2.2.2.jar;C:\Users\GregOh\.m2\repository\mil\nga\color\1.0.0\color-1.0.0.jar;C:\Users\GregOh\.m2\repository\mil\nga\mgrs\2.1.3\mgrs-2.1.3.jar;C:\Users\GregOh\.m2\repository\io\airlift\slice\2.2\slice-2.2.jar;C:\Users\GregOh\.m2\repository\org\openjdk\jol\jol-core\0.17\jol-core-0.17.jar;C:\Users\GregOh\.m2\repository\io\trino\trino-spi\435\trino-spi-435.jar;C:\Users\GregOh\.m2\repository\com\fasterxml\jackson\core\jackson-annotations\2.15.3\jackson-annotations-2.15.3.jar;C:\Users\GregOh\.m2\repository\io\opentelemetry\opentelemetry-api\1.31.0\opentelemetry-api-1.31.0.jar;C:\Users\GregOh\.m2\repository\io\opentelemetry\opentelemetry-context\1.31.0\opentelemetry-context-1.31.0.jar;C:\Users\GregOh\.m2\repository\io\trino\trino-main\435\trino-main-435.jar;C:\Users\GregOh\.m2\repository\com\clearspring\analytics\stream\2.9.8\stream-2.9.8.jar;C:\Users\GregOh\.m2\repository\org\slf4j\slf4j-api\2.0.9\slf4j-api-2.0.9.jar;C:\Users\GregOh\.m2\repository\com\esri\geometry\esri-geometry-api\2.2.4\esri-geometry-api-2.2.4.jar;C:\Users\GregOh\.m2\repository\com\fasterxml\jackson\core\jackson-core\2.15.3\jackson-core-2.15.3.jar;C:\Users\GregOh\.m2\repository\com\fasterxml\jackson\core\jackson-databind\2.15.3\jackson-databind-2.15.3.jar;C:\Users\GregOh\.m2\repository\com\github\oshi\oshi-core\6.4.8\oshi-core-6.4.8.jar;C:\Users\GregOh\.m2\repository\net\java\dev\jna\jna\5.14.0\jna-5.14.0.jar;C:\Users\GregOh\.m2\repository\com\google\inject\guice\7.0.0\guice-7.0.0.jar;C:\Users\GregOh\.m2\repository\jakarta\inject\jakarta.inject-api\2.0.1\jakarta.inject-api-2.0.1.jar;C:\Users\GregOh\.m2\repository\aopalliance\aopalliance\1.0\aopalliance-1.0.jar;C:\Users\GregOh\.m2\repository\com\nimbusds\nimbus-jose-jwt\9.37.2\nimbus-jose-jwt-9.37.2.jar;C:\Users\GregOh\.m2\repository\com\github\stephenc\jcip\jcip-annotations\1.0-1\jcip-annotations-1.0-1.jar;C:\Users\GregOh\.m2\repository\com\nimbusds\oauth2-oidc-sdk\11.7\oauth2-oidc-sdk-11.7-jdk11.jar;C:\Users\GregOh\.m2\repository\com\nimbusds\content-type\2.3\content-type-2.3.jar;C:\Users\GregOh\.m2\repository\net\minidev\json-smart\2.5.0\json-smart-2.5.0.jar;C:\Users\GregOh\.m2\repository\net\minidev\accessors-smart\2.5.0\accessors-smart-2.5.0.jar;C:\Users\GregOh\.m2\repository\com\nimbusds\lang-tag\1.7\lang-tag-1.7.jar;C:\Users\GregOh\.m2\repository\commons-codec\commons-codec\1.16.0\commons-codec-1.16.0.jar;C:\Users\GregOh\.m2\repository\dev\failsafe\failsafe\3.3.2\failsafe-3.3.2.jar;C:\Users\GregOh\.m2\repository\io\airlift\aircompressor\0.25\aircompressor-0.25.jar;C:\Users\GregOh\.m2\repository\io\airlift\bootstrap\239\bootstrap-239.jar;C:\Users\GregOh\.m2\repository\io\airlift\bytecode\1.5\bytecode-1.5.jar;C:\Users\GregOh\.m2\repository\org\ow2\asm\asm-tree\9.6\asm-tree-9.6.jar;C:\Users\GregOh\.m2\repository\org\ow2\asm\asm-util\9.6\asm-util-9.6.jar;C:\Users\GregOh\.m2\repository\org\ow2\asm\asm-analysis\9.6\asm-analysis-9.6.jar;C:\Users\GregOh\.m2\repository\io\airlift\concurrent\239\concurrent-239.jar;C:\Users\GregOh\.m2\repository\io\airlift\configuration\239\configuration-239.jar;C:\Users\GregOh\.m2\repository\org\hibernate\validator\hibernate-validator\8.0.1.Final\hibernate-validator-8.0.1.Final.jar;C:\Users\GregOh\.m2\repository\org\jboss\logging\jboss-logging\3.4.3.Final\jboss-logging-3.4.3.Final.jar;C:\Users\GregOh\.m2\repository\com\fasterxml\classmate\1.5.1\classmate-1.5.1.jar;C:\Users\GregOh\.m2\repository\io\airlift\discovery\239\discovery-239.jar;C:\Users\GregOh\.m2\repository\io\airlift\event\239\event-239.jar;C:\Users\GregOh\.m2\repository\io\airlift\http-client\239\http-client-239.jar;C:\Users\GregOh\.m2\repository\ch\qos\logback\logback-core\1.4.8\logback-core-1.4.8.jar;C:\Users\GregOh\.m2\repository\io\opentelemetry\semconv\opentelemetry-semconv\1.21.0-alpha\opentelemetry-semconv-1.21.0-alpha.jar;C:\Users\GregOh\.m2\repository\org\eclipse\jetty\jetty-client\11.0.18\jetty-client-11.0.18.jar;C:\Users\GregOh\.m2\repository\org\eclipse\jetty\jetty-alpn-client\11.0.18\jetty-alpn-client-11.0.18.jar;C:\Users\GregOh\.m2\repository\org\eclipse\jetty\jetty-http\11.0.18\jetty-http-11.0.18.jar;C:\Users\GregOh\.m2\repository\org\eclipse\jetty\jetty-io\11.0.18\jetty-io-11.0.18.jar;C:\Users\GregOh\.m2\repository\org\eclipse\jetty\jetty-util\11.0.18\jetty-util-11.0.18.jar;C:\Users\GregOh\.m2\repository\org\eclipse\jetty\http2\http2-client\11.0.18\http2-client-11.0.18.jar;C:\Users\GregOh\.m2\repository\org\eclipse\jetty\http2\http2-common\11.0.18\http2-common-11.0.18.jar;C:\Users\GregOh\.m2\repository\org\eclipse\jetty\http2\http2-hpack\11.0.18\http2-hpack-11.0.18.jar;C:\Users\GregOh\.m2\repository\org\eclipse\jetty\http2\http2-http-client-transport\11.0.18\http2-http-client-transport-11.0.18.jar;C:\Users\GregOh\.m2\repository\org\eclipse\jetty\jetty-alpn-java-client\11.0.18\jetty-alpn-java-client-11.0.18.jar;C:\Users\GregOh\.m2\repository\io\airlift\http-server\239\http-server-239.jar;C:\Users\GregOh\.m2\repository\org\eclipse\jetty\jetty-jmx\11.0.18\jetty-jmx-11.0.18.jar;C:\Users\GregOh\.m2\repository\org\eclipse\jetty\jetty-security\11.0.18\jetty-security-11.0.18.jar;C:\Users\GregOh\.m2\repository\org\eclipse\jetty\jetty-server\11.0.18\jetty-server-11.0.18.jar;C:\Users\GregOh\.m2\repository\org\eclipse\jetty\jetty-servlet\11.0.18\jetty-servlet-11.0.18.jar;C:\Users\GregOh\.m2\repository\org\eclipse\jetty\http2\http2-server\11.0.18\http2-server-11.0.18.jar;C:\Users\GregOh\.m2\repository\io\airlift\jaxrs\239\jaxrs-239.jar;C:\Users\GregOh\.m2\repository\com\fasterxml\jackson\dataformat\jackson-dataformat-smile\2.15.3\jackson-dataformat-smile-2.15.3.jar;C:\Users\GregOh\.m2\repository\org\glassfish\jersey\containers\jersey-container-servlet-core\3.1.2\jersey-container-servlet-core-3.1.2.jar;C:\Users\GregOh\.m2\repository\org\glassfish\jersey\core\jersey-common\3.1.2\jersey-common-3.1.2.jar;C:\Users\GregOh\.m2\repository\org\glassfish\hk2\osgi-resource-locator\1.0.3\osgi-resource-locator-1.0.3.jar;C:\Users\GregOh\.m2\repository\org\glassfish\jersey\core\jersey-server\3.1.2\jersey-server-3.1.2.jar;C:\Users\GregOh\.m2\repository\org\glassfish\jersey\core\jersey-client\3.1.2\jersey-client-3.1.2.jar;C:\Users\GregOh\.m2\repository\jakarta\xml\bind\jakarta.xml.bind-api\4.0.1\jakarta.xml.bind-api-4.0.1.jar;C:\Users\GregOh\.m2\repository\jakarta\activation\jakarta.activation-api\2.1.2\jakarta.activation-api-2.1.2.jar;C:\Users\GregOh\.m2\repository\org\glassfish\jaxb\jaxb-runtime\4.0.2\jaxb-runtime-4.0.2.jar;C:\Users\GregOh\.m2\repository\org\glassfish\jaxb\jaxb-core\4.0.2\jaxb-core-4.0.2.jar;C:\Users\GregOh\.m2\repository\org\eclipse\angus\angus-activation\2.0.0\angus-activation-2.0.0.jar;C:\Users\GregOh\.m2\repository\org\glassfish\jaxb\txw2\4.0.2\txw2-4.0.2.jar;C:\Users\GregOh\.m2\repository\com\sun\istack\istack-commons-runtime\4.1.1\istack-commons-runtime-4.1.1.jar;C:\Users\GregOh\.m2\repository\org\glassfish\jersey\containers\jersey-container-servlet\3.1.2\jersey-container-servlet-3.1.2.jar;C:\Users\GregOh\.m2\repository\org\glassfish\jersey\inject\jersey-hk2\3.1.2\jersey-hk2-3.1.2.jar;C:\Users\GregOh\.m2\repository\org\glassfish\hk2\hk2-locator\3.0.4\hk2-locator-3.0.4.jar;C:\Users\GregOh\.m2\repository\org\glassfish\hk2\hk2-api\3.0.4\hk2-api-3.0.4.jar;C:\Users\GregOh\.m2\repository\org\glassfish\hk2\hk2-utils\3.0.4\hk2-utils-3.0.4.jar;C:\Users\GregOh\.m2\repository\org\javassist\javassist\3.29.2-GA\javassist-3.29.2-GA.jar;C:\Users\GregOh\.m2\repository\io\airlift\jmx\239\jmx-239.jar;C:\Users\GregOh\.m2\repository\io\airlift\jmx-http\239\jmx-http-239.jar;C:\Users\GregOh\.m2\repository\io\airlift\joni\2.1.5.3\joni-2.1.5.3.jar;C:\Users\GregOh\.m2\repository\io\airlift\json\239\json-239.jar;C:\Users\GregOh\.m2\repository\com\fasterxml\jackson\datatype\jackson-datatype-guava\2.15.3\jackson-datatype-guava-2.15.3.jar;C:\Users\GregOh\.m2\repository\com\fasterxml\jackson\datatype\jackson-datatype-jdk8\2.15.3\jackson-datatype-jdk8-2.15.3.jar;C:\Users\GregOh\.m2\repository\com\fasterxml\jackson\datatype\jackson-datatype-joda\2.15.3\jackson-datatype-joda-2.15.3.jar;C:\Users\GregOh\.m2\repository\com\fasterxml\jackson\datatype\jackson-datatype-jsr310\2.15.3\jackson-datatype-jsr310-2.15.3.jar;C:\Users\GregOh\.m2\repository\com\fasterxml\jackson\module\jackson-module-parameter-names\2.15.3\jackson-module-parameter-names-2.15.3.jar;C:\Users\GregOh\.m2\repository\io\airlift\log\239\log-239.jar;C:\Users\GregOh\.m2\repository\io\airlift\log-manager\239\log-manager-239.jar;C:\Users\GregOh\.m2\repository\org\apache\logging\log4j\log4j-to-slf4j\2.17.1\log4j-to-slf4j-2.17.1.jar;C:\Users\GregOh\.m2\repository\org\apache\logging\log4j\log4j-api\2.17.1\log4j-api-2.17.1.jar;C:\Users\GregOh\.m2\repository\org\slf4j\jcl-over-slf4j\2.0.9\jcl-over-slf4j-2.0.9.jar;C:\Users\GregOh\.m2\repository\org\slf4j\log4j-over-slf4j\2.0.9\log4j-over-slf4j-2.0.9.jar;C:\Users\GregOh\.m2\repository\org\slf4j\slf4j-jdk14\2.0.9\slf4j-jdk14-2.0.9.jar;C:\Users\GregOh\.m2\repository\io\airlift\node\239\node-239.jar;C:\Users\GregOh\.m2\repository\io\airlift\openmetrics\239\openmetrics-239.jar;C:\Users\GregOh\.m2\repository\io\airlift\security\239\security-239.jar;C:\Users\GregOh\.m2\repository\io\airlift\stats\239\stats-239.jar;C:\Users\GregOh\.m2\repository\org\hdrhistogram\HdrHistogram\2.1.9\HdrHistogram-2.1.9.jar;C:\Users\GregOh\.m2\repository\io\airlift\trace-token\239\trace-token-239.jar;C:\Users\GregOh\.m2\repository\io\airlift\tracing\239\tracing-239.jar;C:\Users\GregOh\.m2\repository\io\opentelemetry\opentelemetry-exporter-otlp\1.31.0\opentelemetry-exporter-otlp-1.31.0.jar;C:\Users\GregOh\.m2\repository\io\opentelemetry\opentelemetry-sdk-metrics\1.31.0\opentelemetry-sdk-metrics-1.31.0.jar;C:\Users\GregOh\.m2\repository\io\opentelemetry\opentelemetry-extension-incubator\1.31.0-alpha\opentelemetry-extension-incubator-1.31.0-alpha.jar;C:\Users\GregOh\.m2\repository\io\opentelemetry\opentelemetry-sdk-logs\1.31.0\opentelemetry-sdk-logs-1.31.0.jar;C:\Users\GregOh\.m2\repository\io\opentelemetry\opentelemetry-api-events\1.31.0-alpha\opentelemetry-api-events-1.31.0-alpha.jar;C:\Users\GregOh\.m2\repository\io\opentelemetry\opentelemetry-exporter-otlp-common\1.31.0\opentelemetry-exporter-otlp-common-1.31.0.jar;C:\Users\GregOh\.m2\repository\io\opentelemetry\opentelemetry-exporter-common\1.31.0\opentelemetry-exporter-common-1.31.0.jar;C:\Users\GregOh\.m2\repository\io\opentelemetry\opentelemetry-exporter-sender-okhttp\1.31.0\opentelemetry-exporter-sender-okhttp-1.31.0.jar;C:\Users\GregOh\.m2\repository\io\opentelemetry\opentelemetry-sdk-extension-autoconfigure-spi\1.31.0\opentelemetry-sdk-extension-autoconfigure-spi-1.31.0.jar;C:\Users\GregOh\.m2\repository\io\opentelemetry\opentelemetry-sdk\1.31.0\opentelemetry-sdk-1.31.0.jar;C:\Users\GregOh\.m2\repository\io\opentelemetry\opentelemetry-sdk-common\1.31.0\opentelemetry-sdk-common-1.31.0.jar;C:\Users\GregOh\.m2\repository\io\airlift\units\1.10\units-1.10.jar;C:\Users\GregOh\.m2\repository\io\airlift\discovery\discovery-server\1.36\discovery-server-1.36.jar;C:\Users\GregOh\.m2\repository\io\jsonwebtoken\jjwt-api\0.12.3\jjwt-api-0.12.3.jar;C:\Users\GregOh\.m2\repository\io\jsonwebtoken\jjwt-impl\0.12.3\jjwt-impl-0.12.3.jar;C:\Users\GregOh\.m2\repository\io\jsonwebtoken\jjwt-jackson\0.12.3\jjwt-jackson-0.12.3.jar;C:\Users\GregOh\.m2\repository\io\opentelemetry\opentelemetry-sdk-trace\1.31.0\opentelemetry-sdk-trace-1.31.0.jar;C:\Users\GregOh\.m2\repository\io\trino\re2j\1.6\re2j-1.6.jar;C:\Users\GregOh\.m2\repository\io\trino\trino-array\435\trino-array-435.jar;C:\Users\GregOh\.m2\repository\io\trino\trino-cache\435\trino-cache-435.jar;C:\Users\GregOh\.m2\repository\io\trino\trino-client\435\trino-client-435.jar;C:\Users\GregOh\.m2\repository\io\trino\trino-geospatial-toolkit\435\trino-geospatial-toolkit-435.jar;C:\Users\GregOh\.m2\repository\org\locationtech\jts\io\jts-io-common\1.19.0\jts-io-common-1.19.0.jar;C:\Users\GregOh\.m2\repository\com\googlecode\json-simple\json-simple\1.1.1\json-simple-1.1.1.jar;C:\Users\GregOh\.m2\repository\io\trino\trino-matching\435\trino-matching-435.jar;C:\Users\GregOh\.m2\repository\io\trino\trino-memory-context\435\trino-memory-context-435.jar;C:\Users\GregOh\.m2\repository\io\trino\trino-parser\435\trino-parser-435.jar;C:\Users\GregOh\.m2\repository\io\trino\trino-grammar\435\trino-grammar-435.jar;C:\Users\GregOh\.m2\repository\org\antlr\antlr4-runtime\4.13.1\antlr4-runtime-4.13.1.jar;C:\Users\GregOh\.m2\repository\io\trino\trino-plugin-toolkit\435\trino-plugin-toolkit-435.jar;C:\Users\GregOh\.m2\repository\it\unimi\dsi\fastutil\8.5.12\fastutil-8.5.12.jar;C:\Users\GregOh\.m2\repository\jakarta\annotation\jakarta.annotation-api\2.1.1\jakarta.annotation-api-2.1.1.jar;C:\Users\GregOh\.m2\repository\jakarta\validation\jakarta.validation-api\3.0.2\jakarta.validation-api-3.0.2.jar;C:\Users\GregOh\.m2\repository\jakarta\ws\rs\jakarta.ws.rs-api\3.1.0\jakarta.ws.rs-api-3.1.0.jar;C:\Users\GregOh\.m2\repository\joda-time\joda-time\2.12.5\joda-time-2.12.5.jar;C:\Users\GregOh\.m2\repository\org\apache\commons\commons-math3\3.6.1\commons-math3-3.6.1.jar;C:\Users\GregOh\.m2\repository\org\apache\lucene\lucene-analyzers-common\8.11.2\lucene-analyzers-common-8.11.2.jar;C:\Users\GregOh\.m2\repository\org\apache\lucene\lucene-core\8.11.2\lucene-core-8.11.2.jar;C:\Users\GregOh\.m2\repository\org\gaul\modernizer-maven-annotations\2.7.0\modernizer-maven-annotations-2.7.0.jar;C:\Users\GregOh\.m2\repository\org\locationtech\jts\jts-core\1.19.0\jts-core-1.19.0.jar;C:\Users\GregOh\.m2\repository\org\ow2\asm\asm\9.6\asm-9.6.jar;C:\Users\GregOh\.m2\repository\org\pcollections\pcollections\4.0.1\pcollections-4.0.1.jar;C:\Users\GregOh\.m2\repository\org\roaringbitmap\RoaringBitmap\1.0.0\RoaringBitmap-1.0.0.jar;C:\Users\GregOh\.m2\repository\org\weakref\jmxutils\1.24\jmxutils-1.24.jar;C:\Users\GregOh\.m2\repository\com\squareup\okhttp3\okhttp\4.12.0\okhttp-4.12.0.jar;C:\Users\GregOh\.m2\repository\com\squareup\okio\okio\3.6.0\okio-3.6.0.jar;C:\Users\GregOh\.m2\repository\com\squareup\okio\okio-jvm\3.6.0\okio-jvm-3.6.0.jar;C:\Users\GregOh\.m2\repository\org\jetbrains\kotlin\kotlin-stdlib-common\1.9.20\kotlin-stdlib-common-1.9.20.jar;C:\Users\GregOh\.m2\repository\org\jetbrains\kotlin\kotlin-stdlib-jdk8\1.9.20\kotlin-stdlib-jdk8-1.9.20.jar;C:\Users\GregOh\.m2\repository\org\jetbrains\kotlin\kotlin-stdlib\1.9.20\kotlin-stdlib-1.9.20.jar;C:\Users\GregOh\.m2\repository\org\jetbrains\kotlin\kotlin-stdlib-jdk7\1.9.20\kotlin-stdlib-jdk7-1.9.20.jar;C:\Users\GregOh\.m2\repository\net\java\dev\jna\jna-platform\5.14.0\jna-platform-5.14.0.jar;C:\Users\GregOh\.m2\repository\io\trino\trino-main\435\trino-main-435-tests.jar;C:\Users\GregOh\.m2\repository\org\eclipse\jetty\toolchain\jetty-jakarta-servlet-api\5.0.2\jetty-jakarta-servlet-api-5.0.2.jar;C:\Users\GregOh\.m2\repository\io\trino\trino-tests\449\trino-tests-449.jar;C:\Users\GregOh\.m2\repository\org\assertj\assertj-core\3.24.2\assertj-core-3.24.2.jar;C:\Users\GregOh\.m2\repository\net\bytebuddy\byte-buddy\1.14.10\byte-buddy-1.14.10.jar;C:\Users\GregOh\.m2\repository\org\jetbrains\annotations\24.1.0\annotations-24.1.0.jar;C:\Users\GregOh\.m2\repository\org\junit\jupiter\junit-jupiter-api\5.10.0\junit-jupiter-api-5.10.0.jar;C:\Users\GregOh\.m2\repository\org\opentest4j\opentest4j\1.3.0\opentest4j-1.3.0.jar;C:\Users\GregOh\.m2\repository\org\junit\platform\junit-platform-commons\1.10.0\junit-platform-commons-1.10.0.jar;C:\Users\GregOh\.m2\repository\org\apiguardian\apiguardian-api\1.1.2\apiguardian-api-1.1.2.jar;C:\Users\GregOh\.m2\repository\org\junit\jupiter\junit-jupiter-engine\5.10.0\junit-jupiter-engine-5.10.0.jar;C:\Users\GregOh\.m2\repository\org\junit\platform\junit-platform-engine\1.10.0\junit-platform-engine-1.10.0.jar;"/>
    <property name="java.vm.vendor" value="Eclipse Adoptium"/>
    <property name="sun.arch.data.model" value="64"/>
    <property name="user.variant" value=""/>
    <property name="java.vendor.url" value="https://adoptium.net/"/>
    <property name="user.timezone" value="America/Bahia_Banderas"/>
    <property name="os.name" value="Windows 11"/>
    <property name="java.vm.specification.version" value="17"/>
    <property name="sun.java.launcher" value="SUN_STANDARD"/>
    <property name="user.country" value="US"/>
    <property name="sun.boot.library.path" value="C:\Users\GregOh\AppData\Local\Programs\Eclipse Adoptium\jdk-17.0.11.9-hotspot\bin"/>
    <property name="sun.java.command" value="C:\Users\GregOh\AppData\Local\Temp\surefire16347724984088454077\surefirebooter-20240626104308316_3.jar C:\Users\GregOh\AppData\Local\Temp\surefire16347724984088454077 2024-06-26T10-43-07_533-jvmRun1 surefire-20240626104308316_1tmp surefire_0-20240626104308316_2tmp"/>
    <property name="jdk.debug" value="release"/>
    <property name="surefire.test.class.path" value="C:\Users\GregOh\OneDrive - Kubrick Group\Desktop\VZ\coordinate-conversion\target\test-classes;C:\Users\GregOh\OneDrive - Kubrick Group\Desktop\VZ\coordinate-conversion\target\classes;C:\Users\GregOh\.m2\repository\com\google\guava\guava\33.2.1-jre\guava-33.2.1-jre.jar;C:\Users\GregOh\.m2\repository\com\google\guava\failureaccess\1.0.2\failureaccess-1.0.2.jar;C:\Users\GregOh\.m2\repository\com\google\code\findbugs\jsr305\3.0.2\jsr305-3.0.2.jar;C:\Users\GregOh\.m2\repository\org\checkerframework\checker-qual\3.41.0\checker-qual-3.41.0.jar;C:\Users\GregOh\.m2\repository\com\google\errorprone\error_prone_annotations\2.23.0\error_prone_annotations-2.23.0.jar;C:\Users\GregOh\.m2\repository\com\google\j2objc\j2objc-annotations\3.0.0\j2objc-annotations-3.0.0.jar;C:\Users\GregOh\.m2\repository\mil\nga\grid\1.1.2\grid-1.1.2.jar;C:\Users\GregOh\.m2\repository\mil\nga\sf\2.2.2\sf-2.2.2.jar;C:\Users\GregOh\.m2\repository\mil\nga\color\1.0.0\color-1.0.0.jar;C:\Users\GregOh\.m2\repository\mil\nga\mgrs\2.1.3\mgrs-2.1.3.jar;C:\Users\GregOh\.m2\repository\io\airlift\slice\2.2\slice-2.2.jar;C:\Users\GregOh\.m2\repository\org\openjdk\jol\jol-core\0.17\jol-core-0.17.jar;C:\Users\GregOh\.m2\repository\io\trino\trino-spi\435\trino-spi-435.jar;C:\Users\GregOh\.m2\repository\com\fasterxml\jackson\core\jackson-annotations\2.15.3\jackson-annotations-2.15.3.jar;C:\Users\GregOh\.m2\repository\io\opentelemetry\opentelemetry-api\1.31.0\opentelemetry-api-1.31.0.jar;C:\Users\GregOh\.m2\repository\io\opentelemetry\opentelemetry-context\1.31.0\opentelemetry-context-1.31.0.jar;C:\Users\GregOh\.m2\repository\io\trino\trino-main\435\trino-main-435.jar;C:\Users\GregOh\.m2\repository\com\clearspring\analytics\stream\2.9.8\stream-2.9.8.jar;C:\Users\GregOh\.m2\repository\org\slf4j\slf4j-api\2.0.9\slf4j-api-2.0.9.jar;C:\Users\GregOh\.m2\repository\com\esri\geometry\esri-geometry-api\2.2.4\esri-geometry-api-2.2.4.jar;C:\Users\GregOh\.m2\repository\com\fasterxml\jackson\core\jackson-core\2.15.3\jackson-core-2.15.3.jar;C:\Users\GregOh\.m2\repository\com\fasterxml\jackson\core\jackson-databind\2.15.3\jackson-databind-2.15.3.jar;C:\Users\GregOh\.m2\repository\com\github\oshi\oshi-core\6.4.8\oshi-core-6.4.8.jar;C:\Users\GregOh\.m2\repository\net\java\dev\jna\jna\5.14.0\jna-5.14.0.jar;C:\Users\GregOh\.m2\repository\com\google\inject\guice\7.0.0\guice-7.0.0.jar;C:\Users\GregOh\.m2\repository\jakarta\inject\jakarta.inject-api\2.0.1\jakarta.inject-api-2.0.1.jar;C:\Users\GregOh\.m2\repository\aopalliance\aopalliance\1.0\aopalliance-1.0.jar;C:\Users\GregOh\.m2\repository\com\nimbusds\nimbus-jose-jwt\9.37.2\nimbus-jose-jwt-9.37.2.jar;C:\Users\GregOh\.m2\repository\com\github\stephenc\jcip\jcip-annotations\1.0-1\jcip-annotations-1.0-1.jar;C:\Users\GregOh\.m2\repository\com\nimbusds\oauth2-oidc-sdk\11.7\oauth2-oidc-sdk-11.7-jdk11.jar;C:\Users\GregOh\.m2\repository\com\nimbusds\content-type\2.3\content-type-2.3.jar;C:\Users\GregOh\.m2\repository\net\minidev\json-smart\2.5.0\json-smart-2.5.0.jar;C:\Users\GregOh\.m2\repository\net\minidev\accessors-smart\2.5.0\accessors-smart-2.5.0.jar;C:\Users\GregOh\.m2\repository\com\nimbusds\lang-tag\1.7\lang-tag-1.7.jar;C:\Users\GregOh\.m2\repository\commons-codec\commons-codec\1.16.0\commons-codec-1.16.0.jar;C:\Users\GregOh\.m2\repository\dev\failsafe\failsafe\3.3.2\failsafe-3.3.2.jar;C:\Users\GregOh\.m2\repository\io\airlift\aircompressor\0.25\aircompressor-0.25.jar;C:\Users\GregOh\.m2\repository\io\airlift\bootstrap\239\bootstrap-239.jar;C:\Users\GregOh\.m2\repository\io\airlift\bytecode\1.5\bytecode-1.5.jar;C:\Users\GregOh\.m2\repository\org\ow2\asm\asm-tree\9.6\asm-tree-9.6.jar;C:\Users\GregOh\.m2\repository\org\ow2\asm\asm-util\9.6\asm-util-9.6.jar;C:\Users\GregOh\.m2\repository\org\ow2\asm\asm-analysis\9.6\asm-analysis-9.6.jar;C:\Users\GregOh\.m2\repository\io\airlift\concurrent\239\concurrent-239.jar;C:\Users\GregOh\.m2\repository\io\airlift\configuration\239\configuration-239.jar;C:\Users\GregOh\.m2\repository\org\hibernate\validator\hibernate-validator\8.0.1.Final\hibernate-validator-8.0.1.Final.jar;C:\Users\GregOh\.m2\repository\org\jboss\logging\jboss-logging\3.4.3.Final\jboss-logging-3.4.3.Final.jar;C:\Users\GregOh\.m2\repository\com\fasterxml\classmate\1.5.1\classmate-1.5.1.jar;C:\Users\GregOh\.m2\repository\io\airlift\discovery\239\discovery-239.jar;C:\Users\GregOh\.m2\repository\io\airlift\event\239\event-239.jar;C:\Users\GregOh\.m2\repository\io\airlift\http-client\239\http-client-239.jar;C:\Users\GregOh\.m2\repository\ch\qos\logback\logback-core\1.4.8\logback-core-1.4.8.jar;C:\Users\GregOh\.m2\repository\io\opentelemetry\semconv\opentelemetry-semconv\1.21.0-alpha\opentelemetry-semconv-1.21.0-alpha.jar;C:\Users\GregOh\.m2\repository\org\eclipse\jetty\jetty-client\11.0.18\jetty-client-11.0.18.jar;C:\Users\GregOh\.m2\repository\org\eclipse\jetty\jetty-alpn-client\11.0.18\jetty-alpn-client-11.0.18.jar;C:\Users\GregOh\.m2\repository\org\eclipse\jetty\jetty-http\11.0.18\jetty-http-11.0.18.jar;C:\Users\GregOh\.m2\repository\org\eclipse\jetty\jetty-io\11.0.18\jetty-io-11.0.18.jar;C:\Users\GregOh\.m2\repository\org\eclipse\jetty\jetty-util\11.0.18\jetty-util-11.0.18.jar;C:\Users\GregOh\.m2\repository\org\eclipse\jetty\http2\http2-client\11.0.18\http2-client-11.0.18.jar;C:\Users\GregOh\.m2\repository\org\eclipse\jetty\http2\http2-common\11.0.18\http2-common-11.0.18.jar;C:\Users\GregOh\.m2\repository\org\eclipse\jetty\http2\http2-hpack\11.0.18\http2-hpack-11.0.18.jar;C:\Users\GregOh\.m2\repository\org\eclipse\jetty\http2\http2-http-client-transport\11.0.18\http2-http-client-transport-11.0.18.jar;C:\Users\GregOh\.m2\repository\org\eclipse\jetty\jetty-alpn-java-client\11.0.18\jetty-alpn-java-client-11.0.18.jar;C:\Users\GregOh\.m2\repository\io\airlift\http-server\239\http-server-239.jar;C:\Users\GregOh\.m2\repository\org\eclipse\jetty\jetty-jmx\11.0.18\jetty-jmx-11.0.18.jar;C:\Users\GregOh\.m2\repository\org\eclipse\jetty\jetty-security\11.0.18\jetty-security-11.0.18.jar;C:\Users\GregOh\.m2\repository\org\eclipse\jetty\jetty-server\11.0.18\jetty-server-11.0.18.jar;C:\Users\GregOh\.m2\repository\org\eclipse\jetty\jetty-servlet\11.0.18\jetty-servlet-11.0.18.jar;C:\Users\GregOh\.m2\repository\org\eclipse\jetty\http2\http2-server\11.0.18\http2-server-11.0.18.jar;C:\Users\GregOh\.m2\repository\io\airlift\jaxrs\239\jaxrs-239.jar;C:\Users\GregOh\.m2\repository\com\fasterxml\jackson\dataformat\jackson-dataformat-smile\2.15.3\jackson-dataformat-smile-2.15.3.jar;C:\Users\GregOh\.m2\repository\org\glassfish\jersey\containers\jersey-container-servlet-core\3.1.2\jersey-container-servlet-core-3.1.2.jar;C:\Users\GregOh\.m2\repository\org\glassfish\jersey\core\jersey-common\3.1.2\jersey-common-3.1.2.jar;C:\Users\GregOh\.m2\repository\org\glassfish\hk2\osgi-resource-locator\1.0.3\osgi-resource-locator-1.0.3.jar;C:\Users\GregOh\.m2\repository\org\glassfish\jersey\core\jersey-server\3.1.2\jersey-server-3.1.2.jar;C:\Users\GregOh\.m2\repository\org\glassfish\jersey\core\jersey-client\3.1.2\jersey-client-3.1.2.jar;C:\Users\GregOh\.m2\repository\jakarta\xml\bind\jakarta.xml.bind-api\4.0.1\jakarta.xml.bind-api-4.0.1.jar;C:\Users\GregOh\.m2\repository\jakarta\activation\jakarta.activation-api\2.1.2\jakarta.activation-api-2.1.2.jar;C:\Users\GregOh\.m2\repository\org\glassfish\jaxb\jaxb-runtime\4.0.2\jaxb-runtime-4.0.2.jar;C:\Users\GregOh\.m2\repository\org\glassfish\jaxb\jaxb-core\4.0.2\jaxb-core-4.0.2.jar;C:\Users\GregOh\.m2\repository\org\eclipse\angus\angus-activation\2.0.0\angus-activation-2.0.0.jar;C:\Users\GregOh\.m2\repository\org\glassfish\jaxb\txw2\4.0.2\txw2-4.0.2.jar;C:\Users\GregOh\.m2\repository\com\sun\istack\istack-commons-runtime\4.1.1\istack-commons-runtime-4.1.1.jar;C:\Users\GregOh\.m2\repository\org\glassfish\jersey\containers\jersey-container-servlet\3.1.2\jersey-container-servlet-3.1.2.jar;C:\Users\GregOh\.m2\repository\org\glassfish\jersey\inject\jersey-hk2\3.1.2\jersey-hk2-3.1.2.jar;C:\Users\GregOh\.m2\repository\org\glassfish\hk2\hk2-locator\3.0.4\hk2-locator-3.0.4.jar;C:\Users\GregOh\.m2\repository\org\glassfish\hk2\hk2-api\3.0.4\hk2-api-3.0.4.jar;C:\Users\GregOh\.m2\repository\org\glassfish\hk2\hk2-utils\3.0.4\hk2-utils-3.0.4.jar;C:\Users\GregOh\.m2\repository\org\javassist\javassist\3.29.2-GA\javassist-3.29.2-GA.jar;C:\Users\GregOh\.m2\repository\io\airlift\jmx\239\jmx-239.jar;C:\Users\GregOh\.m2\repository\io\airlift\jmx-http\239\jmx-http-239.jar;C:\Users\GregOh\.m2\repository\io\airlift\joni\2.1.5.3\joni-2.1.5.3.jar;C:\Users\GregOh\.m2\repository\io\airlift\json\239\json-239.jar;C:\Users\GregOh\.m2\repository\com\fasterxml\jackson\datatype\jackson-datatype-guava\2.15.3\jackson-datatype-guava-2.15.3.jar;C:\Users\GregOh\.m2\repository\com\fasterxml\jackson\datatype\jackson-datatype-jdk8\2.15.3\jackson-datatype-jdk8-2.15.3.jar;C:\Users\GregOh\.m2\repository\com\fasterxml\jackson\datatype\jackson-datatype-joda\2.15.3\jackson-datatype-joda-2.15.3.jar;C:\Users\GregOh\.m2\repository\com\fasterxml\jackson\datatype\jackson-datatype-jsr310\2.15.3\jackson-datatype-jsr310-2.15.3.jar;C:\Users\GregOh\.m2\repository\com\fasterxml\jackson\module\jackson-module-parameter-names\2.15.3\jackson-module-parameter-names-2.15.3.jar;C:\Users\GregOh\.m2\repository\io\airlift\log\239\log-239.jar;C:\Users\GregOh\.m2\repository\io\airlift\log-manager\239\log-manager-239.jar;C:\Users\GregOh\.m2\repository\org\apache\logging\log4j\log4j-to-slf4j\2.17.1\log4j-to-slf4j-2.17.1.jar;C:\Users\GregOh\.m2\repository\org\apache\logging\log4j\log4j-api\2.17.1\log4j-api-2.17.1.jar;C:\Users\GregOh\.m2\repository\org\slf4j\jcl-over-slf4j\2.0.9\jcl-over-slf4j-2.0.9.jar;C:\Users\GregOh\.m2\repository\org\slf4j\log4j-over-slf4j\2.0.9\log4j-over-slf4j-2.0.9.jar;C:\Users\GregOh\.m2\repository\org\slf4j\slf4j-jdk14\2.0.9\slf4j-jdk14-2.0.9.jar;C:\Users\GregOh\.m2\repository\io\airlift\node\239\node-239.jar;C:\Users\GregOh\.m2\repository\io\airlift\openmetrics\239\openmetrics-239.jar;C:\Users\GregOh\.m2\repository\io\airlift\security\239\security-239.jar;C:\Users\GregOh\.m2\repository\io\airlift\stats\239\stats-239.jar;C:\Users\GregOh\.m2\repository\org\hdrhistogram\HdrHistogram\2.1.9\HdrHistogram-2.1.9.jar;C:\Users\GregOh\.m2\repository\io\airlift\trace-token\239\trace-token-239.jar;C:\Users\GregOh\.m2\repository\io\airlift\tracing\239\tracing-239.jar;C:\Users\GregOh\.m2\repository\io\opentelemetry\opentelemetry-exporter-otlp\1.31.0\opentelemetry-exporter-otlp-1.31.0.jar;C:\Users\GregOh\.m2\repository\io\opentelemetry\opentelemetry-sdk-metrics\1.31.0\opentelemetry-sdk-metrics-1.31.0.jar;C:\Users\GregOh\.m2\repository\io\opentelemetry\opentelemetry-extension-incubator\1.31.0-alpha\opentelemetry-extension-incubator-1.31.0-alpha.jar;C:\Users\GregOh\.m2\repository\io\opentelemetry\opentelemetry-sdk-logs\1.31.0\opentelemetry-sdk-logs-1.31.0.jar;C:\Users\GregOh\.m2\repository\io\opentelemetry\opentelemetry-api-events\1.31.0-alpha\opentelemetry-api-events-1.31.0-alpha.jar;C:\Users\GregOh\.m2\repository\io\opentelemetry\opentelemetry-exporter-otlp-common\1.31.0\opentelemetry-exporter-otlp-common-1.31.0.jar;C:\Users\GregOh\.m2\repository\io\opentelemetry\opentelemetry-exporter-common\1.31.0\opentelemetry-exporter-common-1.31.0.jar;C:\Users\GregOh\.m2\repository\io\opentelemetry\opentelemetry-exporter-sender-okhttp\1.31.0\opentelemetry-exporter-sender-okhttp-1.31.0.jar;C:\Users\GregOh\.m2\repository\io\opentelemetry\opentelemetry-sdk-extension-autoconfigure-spi\1.31.0\opentelemetry-sdk-extension-autoconfigure-spi-1.31.0.jar;C:\Users\GregOh\.m2\repository\io\opentelemetry\opentelemetry-sdk\1.31.0\opentelemetry-sdk-1.31.0.jar;C:\Users\GregOh\.m2\repository\io\opentelemetry\opentelemetry-sdk-common\1.31.0\opentelemetry-sdk-common-1.31.0.jar;C:\Users\GregOh\.m2\repository\io\airlift\units\1.10\units-1.10.jar;C:\Users\GregOh\.m2\repository\io\airlift\discovery\discovery-server\1.36\discovery-server-1.36.jar;C:\Users\GregOh\.m2\repository\io\jsonwebtoken\jjwt-api\0.12.3\jjwt-api-0.12.3.jar;C:\Users\GregOh\.m2\repository\io\jsonwebtoken\jjwt-impl\0.12.3\jjwt-impl-0.12.3.jar;C:\Users\GregOh\.m2\repository\io\jsonwebtoken\jjwt-jackson\0.12.3\jjwt-jackson-0.12.3.jar;C:\Users\GregOh\.m2\repository\io\opentelemetry\opentelemetry-sdk-trace\1.31.0\opentelemetry-sdk-trace-1.31.0.jar;C:\Users\GregOh\.m2\repository\io\trino\re2j\1.6\re2j-1.6.jar;C:\Users\GregOh\.m2\repository\io\trino\trino-array\435\trino-array-435.jar;C:\Users\GregOh\.m2\repository\io\trino\trino-cache\435\trino-cache-435.jar;C:\Users\GregOh\.m2\repository\io\trino\trino-client\435\trino-client-435.jar;C:\Users\GregOh\.m2\repository\io\trino\trino-geospatial-toolkit\435\trino-geospatial-toolkit-435.jar;C:\Users\GregOh\.m2\repository\org\locationtech\jts\io\jts-io-common\1.19.0\jts-io-common-1.19.0.jar;C:\Users\GregOh\.m2\repository\com\googlecode\json-simple\json-simple\1.1.1\json-simple-1.1.1.jar;C:\Users\GregOh\.m2\repository\io\trino\trino-matching\435\trino-matching-435.jar;C:\Users\GregOh\.m2\repository\io\trino\trino-memory-context\435\trino-memory-context-435.jar;C:\Users\GregOh\.m2\repository\io\trino\trino-parser\435\trino-parser-435.jar;C:\Users\GregOh\.m2\repository\io\trino\trino-grammar\435\trino-grammar-435.jar;C:\Users\GregOh\.m2\repository\org\antlr\antlr4-runtime\4.13.1\antlr4-runtime-4.13.1.jar;C:\Users\GregOh\.m2\repository\io\trino\trino-plugin-toolkit\435\trino-plugin-toolkit-435.jar;C:\Users\GregOh\.m2\repository\it\unimi\dsi\fastutil\8.5.12\fastutil-8.5.12.jar;C:\Users\GregOh\.m2\repository\jakarta\annotation\jakarta.annotation-api\2.1.1\jakarta.annotation-api-2.1.1.jar;C:\Users\GregOh\.m2\repository\jakarta\validation\jakarta.validation-api\3.0.2\jakarta.validation-api-3.0.2.jar;C:\Users\GregOh\.m2\repository\jakarta\ws\rs\jakarta.ws.rs-api\3.1.0\jakarta.ws.rs-api-3.1.0.jar;C:\Users\GregOh\.m2\repository\joda-time\joda-time\2.12.5\joda-time-2.12.5.jar;C:\Users\GregOh\.m2\repository\org\apache\commons\commons-math3\3.6.1\commons-math3-3.6.1.jar;C:\Users\GregOh\.m2\repository\org\apache\lucene\lucene-analyzers-common\8.11.2\lucene-analyzers-common-8.11.2.jar;C:\Users\GregOh\.m2\repository\org\apache\lucene\lucene-core\8.11.2\lucene-core-8.11.2.jar;C:\Users\GregOh\.m2\repository\org\gaul\modernizer-maven-annotations\2.7.0\modernizer-maven-annotations-2.7.0.jar;C:\Users\GregOh\.m2\repository\org\locationtech\jts\jts-core\1.19.0\jts-core-1.19.0.jar;C:\Users\GregOh\.m2\repository\org\ow2\asm\asm\9.6\asm-9.6.jar;C:\Users\GregOh\.m2\repository\org\pcollections\pcollections\4.0.1\pcollections-4.0.1.jar;C:\Users\GregOh\.m2\repository\org\roaringbitmap\RoaringBitmap\1.0.0\RoaringBitmap-1.0.0.jar;C:\Users\GregOh\.m2\repository\org\weakref\jmxutils\1.24\jmxutils-1.24.jar;C:\Users\GregOh\.m2\repository\com\squareup\okhttp3\okhttp\4.12.0\okhttp-4.12.0.jar;C:\Users\GregOh\.m2\repository\com\squareup\okio\okio\3.6.0\okio-3.6.0.jar;C:\Users\GregOh\.m2\repository\com\squareup\okio\okio-jvm\3.6.0\okio-jvm-3.6.0.jar;C:\Users\GregOh\.m2\repository\org\jetbrains\kotlin\kotlin-stdlib-common\1.9.20\kotlin-stdlib-common-1.9.20.jar;C:\Users\GregOh\.m2\repository\org\jetbrains\kotlin\kotlin-stdlib-jdk8\1.9.20\kotlin-stdlib-jdk8-1.9.20.jar;C:\Users\GregOh\.m2\repository\org\jetbrains\kotlin\kotlin-stdlib\1.9.20\kotlin-stdlib-1.9.20.jar;C:\Users\GregOh\.m2\repository\org\jetbrains\kotlin\kotlin-stdlib-jdk7\1.9.20\kotlin-stdlib-jdk7-1.9.20.jar;C:\Users\GregOh\.m2\repository\net\java\dev\jna\jna-platform\5.14.0\jna-platform-5.14.0.jar;C:\Users\GregOh\.m2\repository\io\trino\trino-main\435\trino-main-435-tests.jar;C:\Users\GregOh\.m2\repository\org\eclipse\jetty\toolchain\jetty-jakarta-servlet-api\5.0.2\jetty-jakarta-servlet-api-5.0.2.jar;C:\Users\GregOh\.m2\repository\io\trino\trino-tests\449\trino-tests-449.jar;C:\Users\GregOh\.m2\repository\org\assertj\assertj-core\3.24.2\assertj-core-3.24.2.jar;C:\Users\GregOh\.m2\repository\net\bytebuddy\byte-buddy\1.14.10\byte-buddy-1.14.10.jar;C:\Users\GregOh\.m2\repository\org\jetbrains\annotations\24.1.0\annotations-24.1.0.jar;C:\Users\GregOh\.m2\repository\org\junit\jupiter\junit-jupiter-api\5.10.0\junit-jupiter-api-5.10.0.jar;C:\Users\GregOh\.m2\repository\org\opentest4j\opentest4j\1.3.0\opentest4j-1.3.0.jar;C:\Users\GregOh\.m2\repository\org\junit\platform\junit-platform-commons\1.10.0\junit-platform-commons-1.10.0.jar;C:\Users\GregOh\.m2\repository\org\apiguardian\apiguardian-api\1.1.2\apiguardian-api-1.1.2.jar;C:\Users\GregOh\.m2\repository\org\junit\jupiter\junit-jupiter-engine\5.10.0\junit-jupiter-engine-5.10.0.jar;C:\Users\GregOh\.m2\repository\org\junit\platform\junit-platform-engine\1.10.0\junit-platform-engine-1.10.0.jar;"/>
    <property name="sun.cpu.endian" value="little"/>
    <property name="user.home" value="C:\Users\GregOh"/>
    <property name="user.language" value="en"/>
    <property name="java.specification.vendor" value="Oracle Corporation"/>
    <property name="java.version.date" value="2024-04-16"/>
    <property name="java.home" value="C:\Users\GregOh\AppData\Local\Programs\Eclipse Adoptium\jdk-17.0.11.9-hotspot"/>
    <property name="junit.jupiter.execution.parallel.mode.default" value="concurrent"/>
    <property name="file.separator" value="\"/>
    <property name="basedir" value="C:\Users\GregOh\OneDrive - Kubrick Group\Desktop\VZ\coordinate-conversion"/>
    <property name="java.vm.compressedOopsMode" value="Zero based"/>
    <property name="line.separator" value="&#10;"/>
    <property name="java.vm.specification.vendor" value="Oracle Corporation"/>
    <property name="java.specification.name" value="Java Platform API Specification"/>
    <property name="java.awt.headless" value="true"/>
    <property name="surefire.real.class.path" value="C:\Users\GregOh\AppData\Local\Temp\surefire16347724984088454077\surefirebooter-20240626104308316_3.jar"/>
    <property name="user.script" value=""/>
    <property name="sun.management.compiler" value="HotSpot 64-Bit Tiered Compilers"/>
    <property name="java.runtime.version" value="17.0.11+9"/>
    <property name="user.name" value="GregOh"/>
    <property name="path.separator" value=";"/>
    <property name="os.version" value="10.0"/>
    <property name="java.runtime.name" value="OpenJDK Runtime Environment"/>
    <property name="file.encoding" value="UTF-8"/>
    <property name="junit.jupiter.execution.parallel.mode.classes.default" value="concurrent"/>
    <property name="jnidispatch.path" value="C:\Users\GregOh\AppData\Local\Temp\jna-2141061542\jna4953086685724770953.dll"/>
    <property name="java.vm.name" value="OpenJDK 64-Bit Server VM"/>
    <property name="java.vendor.version" value="Temurin-17.0.11+9"/>
    <property name="junit.jupiter.execution.parallel.enabled" value="true"/>
    <property name="localRepository" value="C:\Users\GregOh\.m2\repository"/>
    <property name="jna.loaded" value="true"/>
    <property name="java.vendor.url.bug" value="https://github.com/adoptium/adoptium-support/issues"/>
    <property name="junit.jupiter.execution.timeout.thread.mode.default" value="SEPARATE_THREAD"/>
    <property name="java.io.tmpdir" value="C:\Users\GregOh\AppData\Local\Temp\"/>
    <property name="java.version" value="17.0.11"/>
    <property name="user.dir" value="C:\Users\GregOh\OneDrive - Kubrick Group\Desktop\VZ\coordinate-conversion"/>
    <property name="os.arch" value="amd64"/>
    <property name="java.vm.specification.name" value="Java Virtual Machine Specification"/>
    <property name="java.util.logging.SimpleFormatter.format" value="%1$tY-%1$tm-%1$tdT%1$tH:%1$tM:%1$tS.%1$tL%1$tz %4$s %5$s%6$s%n"/>
    <property name="sun.os.patch.level" value=""/>
    <property name="native.encoding" value="Cp1252"/>
    <property name="java.library.path" value="C:\Users\GregOh\AppData\Local\Programs\Eclipse Adoptium\jdk-17.0.11.9-hotspot\bin;C:\Windows\Sun\Java\bin;C:\Windows\system32;C:\Windows;C:\Windows\system32;C:\Windows;C:\Windows\System32\Wbem;C:\Windows\System32\WindowsPowerShell\v1.0\;C:\Windows\System32\OpenSSH\;C:\Program Files\WindowsPowerShell\Scripts;C:\Program Files\Git\cmd;C:\Program Files\dotnet\;C:\Program Files\Docker\Docker\resources\bin;C:\minikube;C:\Program Files\PowerShell\7\;C:\apache-maven-3.9.7-bin\apache-maven-3.9.7\bin;C:\Program Files\Amazon\AWSCLIV2\;C:\Windows\system32;C:\Windows;C:\Windows\System32\Wbem;C:\Windows\System32\WindowsPowerShell\v1.0\;C:\Windows\System32\OpenSSH\;C:\Program Files\WindowsPowerShell\Scripts;C:\Program Files\Git\cmd;C:\Program Files\dotnet\;C:\Program Files\Docker\Docker\resources\bin;C:\minikube;C:\Program Files\PowerShell\7\;C:\Users\GregOh\AppData\Local\Programs\Eclipse Adoptium\jdk-17.0.11.9-hotspot\bin;C:\kubectl;C:\Users\GregOh\AppData\Local\Programs\Python\Python312\Scripts\;C:\Users\GregOh\AppData\Local\Programs\Python\Python312\;C:\Users\GregOh\AppData\Local\Programs\Python\Launcher\;C:\Users\GregOh\AppData\Local\Microsoft\WindowsApps;C:\Users\GregOh\AppData\Local\Programs\Microsoft VS Code\bin;C:\minikube;C:\Users\GregOh\AppData\Local\Programs\Azure Data Studio\bin;C:\apache-maven-3.9.7-bin\apache-maven-3.9.7\bin;C:\Users\GregOh\AppData\Local\JetBrains\IntelliJ IDEA Community Edition 2024.1.3\bin;;C:\terraform_1.8.5_windows_386;C:\windows-amd64;;."/>
    <property name="junit.jupiter.extensions.autodetection.enabled" value="true"/>
    <property name="java.vm.info" value="mixed mode, sharing"/>
    <property name="java.vendor" value="Eclipse Adoptium"/>
    <property name="java.vm.version" value="17.0.11+9"/>
    <property name="sun.io.unicode.encoding" value="UnicodeLittle"/>
    <property name="java.class.version" value="61.0"/>
  </properties>
  <testcase name="testConversion" classname="io.trino.conversionfunctions.TestConversion" time="2.512">
    <system-out><![CDATA[# WARNING: Unable to get Instrumentation. Dynamic Attach failed. You may add this JAR as -javaagent manually, or supply -Djdk.attach.allowAttachSelf
]]></system-out>
  </testcase>
</testsuite>